<?xml version="1.0" encoding="UTF-8"?>
<testsuite name="test_guest_arrival_tests.TestHotelReservation-20240417174753" tests="3" file="test_guest_arrival_tests.py" time="0.144" timestamp="2024-04-17T17:47:54" failures="0" errors="0" skipped="0">
	<testcase classname="test_guest_arrival_tests.TestHotelReservation" name="test_case_valid_reservation_invalid_arrival_date" time="0.006" timestamp="2024-04-17T17:47:54"/>
	<testcase classname="test_guest_arrival_tests.TestHotelReservation" name="test_get_reservation_data_manipulated_tests" time="0.006" timestamp="2024-04-17T17:47:54"/>
	<testcase classname="test_guest_arrival_tests.TestHotelReservation" name="test_parametrized_cases_tests" time="0.132" timestamp="2024-04-17T17:47:54"/>
</testsuite>
