<?xml version="1.0" encoding="UTF-8"?>
<testsuite name="test_singleton_hotel_manager_tests.TestSingletonHotelManagerTest-20240426200408" tests="1" file="test_singleton_hotel_manager_tests.py" time="0.000" timestamp="2024-04-26T20:04:08" failures="0" errors="0" skipped="0">
	<testcase classname="test_singleton_hotel_manager_tests.TestSingletonHotelManagerTest" name="test_singleton_hotel_manager" time="0.000" timestamp="2024-04-26T20:04:08"/>
</testsuite>
