<?xml version="1.0" encoding="UTF-8"?>
<testsuite name="test_guest_arrival_tests.TestHotelReservation-20240424223209" tests="3" file="test_guest_arrival_tests.py" time="0.148" timestamp="2024-04-24T22:32:10" failures="0" errors="0" skipped="0">
	<testcase classname="test_guest_arrival_tests.TestHotelReservation" name="test_case_valid_reservation_invalid_arrival_date" time="0.021" timestamp="2024-04-24T22:32:10"/>
	<testcase classname="test_guest_arrival_tests.TestHotelReservation" name="test_get_reservation_data_manipulated_tests" time="0.016" timestamp="2024-04-24T22:32:10"/>
	<testcase classname="test_guest_arrival_tests.TestHotelReservation" name="test_parametrized_cases_tests" time="0.111" timestamp="2024-04-24T22:32:10"/>
</testsuite>
