<?xml version="1.0" encoding="UTF-8"?>
<testsuite name="test_room_reservation_tests.TestHotelReservation-20240421192830" tests="5" file="test_room_reservation_tests.py" time="0.069" timestamp="2024-04-21T19:28:31" failures="0" errors="3" skipped="0">
	<testcase classname="test_room_reservation_tests.TestHotelReservation" name="test_duplicated_id_reservation_tests" time="0.001" timestamp="2024-04-21T19:28:30"/>
	<testcase classname="test_room_reservation_tests.TestHotelReservation" name="test_duplicated_reservation_tests" time="0.002" timestamp="2024-04-21T19:28:30"/>
	<testcase classname="test_room_reservation_tests.TestHotelReservation" name="test_parametrized_cases_tests [TC2VALID]" time="0.000" timestamp="0001-01-01T00:00:00">
		<error type="KeyError" message="'_Hotel_Reservation__localizer'"><![CDATA[Traceback (most recent call last):
  File "/Library/Developer/CommandLineTools/Library/Frameworks/Python3.framework/Versions/3.9/lib/python3.9/unittest/case.py", line 59, in testPartExecutor
    yield
  File "/Library/Developer/CommandLineTools/Library/Frameworks/Python3.framework/Versions/3.9/lib/python3.9/unittest/case.py", line 499, in subTest
    yield
  File "/Users/a19787/PycharmProjects/G88.2024.T06.EG3/src/unittest/python/test_room_reservation_tests.py", line 163, in test_parametrized_cases_tests
    valor = mngr.room_reservation(credit_card=credit_card_number,
  File "/Users/a19787/PycharmProjects/G88.2024.T06.EG3/src/main/python/uc3m_travel/hotel_manager.py", line 94, in room_reservation
    json_store_res.add_item(my_reservation)
  File "/Users/a19787/PycharmProjects/G88.2024.T06.EG3/src/main/python/storage/reservation_json_store.py", line 20, in add_item
    reservation_found = self.find_item(
  File "/Users/a19787/PycharmProjects/G88.2024.T06.EG3/src/main/python/storage/reservation_json_store.py", line 33, in find_item
    return super().find_item(key, value)
  File "/Users/a19787/PycharmProjects/G88.2024.T06.EG3/src/main/python/storage/json_store.py", line 48, in find_item
    if item[key] == value:
KeyError: '_Hotel_Reservation__localizer'
]]></error>
	</testcase>
	<testcase classname="test_room_reservation_tests.TestHotelReservation" name="test_parametrized_cases_tests [TC3VALID]" time="0.000" timestamp="0001-01-01T00:00:00">
		<error type="KeyError" message="'_Hotel_Reservation__localizer'"><![CDATA[Traceback (most recent call last):
  File "/Library/Developer/CommandLineTools/Library/Frameworks/Python3.framework/Versions/3.9/lib/python3.9/unittest/case.py", line 59, in testPartExecutor
    yield
  File "/Library/Developer/CommandLineTools/Library/Frameworks/Python3.framework/Versions/3.9/lib/python3.9/unittest/case.py", line 499, in subTest
    yield
  File "/Users/a19787/PycharmProjects/G88.2024.T06.EG3/src/unittest/python/test_room_reservation_tests.py", line 163, in test_parametrized_cases_tests
    valor = mngr.room_reservation(credit_card=credit_card_number,
  File "/Users/a19787/PycharmProjects/G88.2024.T06.EG3/src/main/python/uc3m_travel/hotel_manager.py", line 94, in room_reservation
    json_store_res.add_item(my_reservation)
  File "/Users/a19787/PycharmProjects/G88.2024.T06.EG3/src/main/python/storage/reservation_json_store.py", line 20, in add_item
    reservation_found = self.find_item(
  File "/Users/a19787/PycharmProjects/G88.2024.T06.EG3/src/main/python/storage/reservation_json_store.py", line 33, in find_item
    return super().find_item(key, value)
  File "/Users/a19787/PycharmProjects/G88.2024.T06.EG3/src/main/python/storage/json_store.py", line 48, in find_item
    if item[key] == value:
KeyError: '_Hotel_Reservation__localizer'
]]></error>
	</testcase>
	<testcase classname="test_room_reservation_tests.TestHotelReservation" name="test_parametrized_cases_tests [TC4VALID]" time="0.066" timestamp="2024-04-21T19:28:31">
		<error type="KeyError" message="'_Hotel_Reservation__localizer'"><![CDATA[Traceback (most recent call last):
  File "/Library/Developer/CommandLineTools/Library/Frameworks/Python3.framework/Versions/3.9/lib/python3.9/unittest/case.py", line 59, in testPartExecutor
    yield
  File "/Library/Developer/CommandLineTools/Library/Frameworks/Python3.framework/Versions/3.9/lib/python3.9/unittest/case.py", line 499, in subTest
    yield
  File "/Users/a19787/PycharmProjects/G88.2024.T06.EG3/src/unittest/python/test_room_reservation_tests.py", line 163, in test_parametrized_cases_tests
    valor = mngr.room_reservation(credit_card=credit_card_number,
  File "/Users/a19787/PycharmProjects/G88.2024.T06.EG3/src/main/python/uc3m_travel/hotel_manager.py", line 94, in room_reservation
    json_store_res.add_item(my_reservation)
  File "/Users/a19787/PycharmProjects/G88.2024.T06.EG3/src/main/python/storage/reservation_json_store.py", line 20, in add_item
    reservation_found = self.find_item(
  File "/Users/a19787/PycharmProjects/G88.2024.T06.EG3/src/main/python/storage/reservation_json_store.py", line 33, in find_item
    return super().find_item(key, value)
  File "/Users/a19787/PycharmProjects/G88.2024.T06.EG3/src/main/python/storage/json_store.py", line 48, in find_item
    if item[key] == value:
KeyError: '_Hotel_Reservation__localizer'
]]></error>
	</testcase>
</testsuite>
