<?xml version="1.0" encoding="UTF-8"?>
<testsuite name="test_room_reservation_tests.TestHotelReservation-20240420201544" tests="3" file="test_room_reservation_tests.py" time="0.064" timestamp="2024-04-20T20:15:45" failures="0" errors="0" skipped="0">
	<testcase classname="test_room_reservation_tests.TestHotelReservation" name="test_duplicated_id_reservation_tests" time="0.001" timestamp="2024-04-20T20:15:45"/>
	<testcase classname="test_room_reservation_tests.TestHotelReservation" name="test_duplicated_reservation_tests" time="0.002" timestamp="2024-04-20T20:15:45"/>
	<testcase classname="test_room_reservation_tests.TestHotelReservation" name="test_parametrized_cases_tests" time="0.061" timestamp="2024-04-20T20:15:45"/>
</testsuite>
