<?xml version="1.0" encoding="UTF-8"?>
<testsuite name="test_checkout_tests.TestDeliverProduct-20240425141804" tests="7" file="test_checkout_tests.py" time="0.031" timestamp="2024-04-25T14:18:04" failures="0" errors="7" skipped="0">
	<testcase classname="test_checkout_tests.TestDeliverProduct" name="test_already_checkout" time="0.014" timestamp="2024-04-25T14:18:04">
		<error type="TypeError" message="string indices must be integers"><![CDATA[Traceback (most recent call last):
  File "/Library/Frameworks/Python.framework/Versions/3.10/lib/python3.10/unittest/case.py", line 59, in testPartExecutor
    yield
  File "/Library/Frameworks/Python.framework/Versions/3.10/lib/python3.10/unittest/case.py", line 587, in run
    self._callSetUp()
  File "/Library/Frameworks/Python.framework/Versions/3.10/lib/python3.10/unittest/case.py", line 546, in _callSetUp
    self.setUp()
  File "/Users/ellaz-j/PycharmProjects/G88.2024.T06.EG3/venv/lib/python3.10/site-packages/freezegun/api.py", line 827, in wrapper
    result = func(*args, **kwargs)
  File "/Users/ellaz-j/PycharmProjects/G88.2024.T06.EG3/src/unittest/python/test_checkout_tests.py", line 47, in setUp
    my_manager.guest_arrival(file_test)
  File "/Users/ellaz-j/PycharmProjects/G88.2024.T06.EG3/src/main/python/uc3m_travel/hotel_manager.py", line 93, in guest_arrival
    my_localizer = file_input["Localizer"]
TypeError: string indices must be integers
]]></error>
	</testcase>
	<testcase classname="test_checkout_tests.TestDeliverProduct" name="test_checkin_code_not_found_date_signature" time="0.003" timestamp="2024-04-25T14:18:04">
		<error type="TypeError" message="string indices must be integers"><![CDATA[Traceback (most recent call last):
  File "/Library/Frameworks/Python.framework/Versions/3.10/lib/python3.10/unittest/case.py", line 59, in testPartExecutor
    yield
  File "/Library/Frameworks/Python.framework/Versions/3.10/lib/python3.10/unittest/case.py", line 587, in run
    self._callSetUp()
  File "/Library/Frameworks/Python.framework/Versions/3.10/lib/python3.10/unittest/case.py", line 546, in _callSetUp
    self.setUp()
  File "/Users/ellaz-j/PycharmProjects/G88.2024.T06.EG3/venv/lib/python3.10/site-packages/freezegun/api.py", line 827, in wrapper
    result = func(*args, **kwargs)
  File "/Users/ellaz-j/PycharmProjects/G88.2024.T06.EG3/src/unittest/python/test_checkout_tests.py", line 47, in setUp
    my_manager.guest_arrival(file_test)
  File "/Users/ellaz-j/PycharmProjects/G88.2024.T06.EG3/src/main/python/uc3m_travel/hotel_manager.py", line 93, in guest_arrival
    my_localizer = file_input["Localizer"]
TypeError: string indices must be integers
]]></error>
	</testcase>
	<testcase classname="test_checkout_tests.TestDeliverProduct" name="test_checkout_ok" time="0.003" timestamp="2024-04-25T14:18:04">
		<error type="TypeError" message="string indices must be integers"><![CDATA[Traceback (most recent call last):
  File "/Library/Frameworks/Python.framework/Versions/3.10/lib/python3.10/unittest/case.py", line 59, in testPartExecutor
    yield
  File "/Library/Frameworks/Python.framework/Versions/3.10/lib/python3.10/unittest/case.py", line 587, in run
    self._callSetUp()
  File "/Library/Frameworks/Python.framework/Versions/3.10/lib/python3.10/unittest/case.py", line 546, in _callSetUp
    self.setUp()
  File "/Users/ellaz-j/PycharmProjects/G88.2024.T06.EG3/venv/lib/python3.10/site-packages/freezegun/api.py", line 827, in wrapper
    result = func(*args, **kwargs)
  File "/Users/ellaz-j/PycharmProjects/G88.2024.T06.EG3/src/unittest/python/test_checkout_tests.py", line 47, in setUp
    my_manager.guest_arrival(file_test)
  File "/Users/ellaz-j/PycharmProjects/G88.2024.T06.EG3/src/main/python/uc3m_travel/hotel_manager.py", line 93, in guest_arrival
    my_localizer = file_input["Localizer"]
TypeError: string indices must be integers
]]></error>
	</testcase>
	<testcase classname="test_checkout_tests.TestDeliverProduct" name="test_guest_checkout_bad_date_signature" time="0.003" timestamp="2024-04-25T14:18:04">
		<error type="TypeError" message="string indices must be integers"><![CDATA[Traceback (most recent call last):
  File "/Library/Frameworks/Python.framework/Versions/3.10/lib/python3.10/unittest/case.py", line 59, in testPartExecutor
    yield
  File "/Library/Frameworks/Python.framework/Versions/3.10/lib/python3.10/unittest/case.py", line 587, in run
    self._callSetUp()
  File "/Library/Frameworks/Python.framework/Versions/3.10/lib/python3.10/unittest/case.py", line 546, in _callSetUp
    self.setUp()
  File "/Users/ellaz-j/PycharmProjects/G88.2024.T06.EG3/venv/lib/python3.10/site-packages/freezegun/api.py", line 827, in wrapper
    result = func(*args, **kwargs)
  File "/Users/ellaz-j/PycharmProjects/G88.2024.T06.EG3/src/unittest/python/test_checkout_tests.py", line 47, in setUp
    my_manager.guest_arrival(file_test)
  File "/Users/ellaz-j/PycharmProjects/G88.2024.T06.EG3/src/main/python/uc3m_travel/hotel_manager.py", line 93, in guest_arrival
    my_localizer = file_input["Localizer"]
TypeError: string indices must be integers
]]></error>
	</testcase>
	<testcase classname="test_checkout_tests.TestDeliverProduct" name="test_guest_checkout_no_date" time="0.003" timestamp="2024-04-25T14:18:04">
		<error type="TypeError" message="string indices must be integers"><![CDATA[Traceback (most recent call last):
  File "/Library/Frameworks/Python.framework/Versions/3.10/lib/python3.10/unittest/case.py", line 59, in testPartExecutor
    yield
  File "/Library/Frameworks/Python.framework/Versions/3.10/lib/python3.10/unittest/case.py", line 587, in run
    self._callSetUp()
  File "/Library/Frameworks/Python.framework/Versions/3.10/lib/python3.10/unittest/case.py", line 546, in _callSetUp
    self.setUp()
  File "/Users/ellaz-j/PycharmProjects/G88.2024.T06.EG3/venv/lib/python3.10/site-packages/freezegun/api.py", line 827, in wrapper
    result = func(*args, **kwargs)
  File "/Users/ellaz-j/PycharmProjects/G88.2024.T06.EG3/src/unittest/python/test_checkout_tests.py", line 47, in setUp
    my_manager.guest_arrival(file_test)
  File "/Users/ellaz-j/PycharmProjects/G88.2024.T06.EG3/src/main/python/uc3m_travel/hotel_manager.py", line 93, in guest_arrival
    my_localizer = file_input["Localizer"]
TypeError: string indices must be integers
]]></error>
	</testcase>
	<testcase classname="test_checkout_tests.TestDeliverProduct" name="test_guest_checkout_no_store_check_in" time="0.003" timestamp="2024-04-25T14:18:04">
		<error type="TypeError" message="string indices must be integers"><![CDATA[Traceback (most recent call last):
  File "/Library/Frameworks/Python.framework/Versions/3.10/lib/python3.10/unittest/case.py", line 59, in testPartExecutor
    yield
  File "/Library/Frameworks/Python.framework/Versions/3.10/lib/python3.10/unittest/case.py", line 587, in run
    self._callSetUp()
  File "/Library/Frameworks/Python.framework/Versions/3.10/lib/python3.10/unittest/case.py", line 546, in _callSetUp
    self.setUp()
  File "/Users/ellaz-j/PycharmProjects/G88.2024.T06.EG3/venv/lib/python3.10/site-packages/freezegun/api.py", line 827, in wrapper
    result = func(*args, **kwargs)
  File "/Users/ellaz-j/PycharmProjects/G88.2024.T06.EG3/src/unittest/python/test_checkout_tests.py", line 47, in setUp
    my_manager.guest_arrival(file_test)
  File "/Users/ellaz-j/PycharmProjects/G88.2024.T06.EG3/src/main/python/uc3m_travel/hotel_manager.py", line 93, in guest_arrival
    my_localizer = file_input["Localizer"]
TypeError: string indices must be integers
]]></error>
	</testcase>
	<testcase classname="test_checkout_tests.TestDeliverProduct" name="test_guest_checkout_store_check_in_is_empty" time="0.003" timestamp="2024-04-25T14:18:04">
		<error type="TypeError" message="string indices must be integers"><![CDATA[Traceback (most recent call last):
  File "/Library/Frameworks/Python.framework/Versions/3.10/lib/python3.10/unittest/case.py", line 59, in testPartExecutor
    yield
  File "/Library/Frameworks/Python.framework/Versions/3.10/lib/python3.10/unittest/case.py", line 587, in run
    self._callSetUp()
  File "/Library/Frameworks/Python.framework/Versions/3.10/lib/python3.10/unittest/case.py", line 546, in _callSetUp
    self.setUp()
  File "/Users/ellaz-j/PycharmProjects/G88.2024.T06.EG3/venv/lib/python3.10/site-packages/freezegun/api.py", line 827, in wrapper
    result = func(*args, **kwargs)
  File "/Users/ellaz-j/PycharmProjects/G88.2024.T06.EG3/src/unittest/python/test_checkout_tests.py", line 47, in setUp
    my_manager.guest_arrival(file_test)
  File "/Users/ellaz-j/PycharmProjects/G88.2024.T06.EG3/src/main/python/uc3m_travel/hotel_manager.py", line 93, in guest_arrival
    my_localizer = file_input["Localizer"]
TypeError: string indices must be integers
]]></error>
	</testcase>
</testsuite>
