<?xml version="1.0" encoding="UTF-8"?>
<testsuite name="test_checkout_tests.TestDeliverProduct-20240425133731" tests="7" file="test_checkout_tests.py" time="0.030" timestamp="2024-04-25T13:37:32" failures="0" errors="7" skipped="0">
	<testcase classname="test_checkout_tests.TestDeliverProduct" name="test_already_checkout" time="0.015" timestamp="2024-04-25T13:37:32">
		<error type="AttributeError" message="'HotelReservation' object has no attribute '_JsonStore__dict'"><![CDATA[Traceback (most recent call last):
  File "/Library/Developer/CommandLineTools/Library/Frameworks/Python3.framework/Versions/3.9/lib/python3.9/unittest/case.py", line 59, in testPartExecutor
    yield
  File "/Library/Developer/CommandLineTools/Library/Frameworks/Python3.framework/Versions/3.9/lib/python3.9/unittest/case.py", line 589, in run
    self._callSetUp()
  File "/Library/Developer/CommandLineTools/Library/Frameworks/Python3.framework/Versions/3.9/lib/python3.9/unittest/case.py", line 547, in _callSetUp
    self.setUp()
  File "/Users/a19787/PycharmProjects/G88.2024.T06.EG3/.venv/lib/python3.9/site-packages/freezegun/api.py", line 827, in wrapper
    result = func(*args, **kwargs)
  File "/Users/a19787/PycharmProjects/G88.2024.T06.EG3/src/unittest/python/test_checkout_tests.py", line 38, in setUp
    localizer = hotel_mngr.room_reservation(credit_card="5105105105105100",
  File "/Users/a19787/PycharmProjects/G88.2024.T06.EG3/src/main/python/uc3m_travel/hotel_manager.py", line 86, in room_reservation
    json_store_res.add_item(my_reservation)
  File "/Users/a19787/PycharmProjects/G88.2024.T06.EG3/src/main/python/storage/reservation_json_store.py", line 23, in add_item
    super().add_item(item)
  File "/Users/a19787/PycharmProjects/G88.2024.T06.EG3/src/main/python/storage/json_store.py", line 24, in add_item
    if not type(item) == dict: item = item.__dict
AttributeError: 'HotelReservation' object has no attribute '_JsonStore__dict'
]]></error>
	</testcase>
	<testcase classname="test_checkout_tests.TestDeliverProduct" name="test_checkin_code_not_found_date_signature" time="0.003" timestamp="2024-04-25T13:37:32">
		<error type="AttributeError" message="'HotelReservation' object has no attribute '_JsonStore__dict'"><![CDATA[Traceback (most recent call last):
  File "/Library/Developer/CommandLineTools/Library/Frameworks/Python3.framework/Versions/3.9/lib/python3.9/unittest/case.py", line 59, in testPartExecutor
    yield
  File "/Library/Developer/CommandLineTools/Library/Frameworks/Python3.framework/Versions/3.9/lib/python3.9/unittest/case.py", line 589, in run
    self._callSetUp()
  File "/Library/Developer/CommandLineTools/Library/Frameworks/Python3.framework/Versions/3.9/lib/python3.9/unittest/case.py", line 547, in _callSetUp
    self.setUp()
  File "/Users/a19787/PycharmProjects/G88.2024.T06.EG3/.venv/lib/python3.9/site-packages/freezegun/api.py", line 827, in wrapper
    result = func(*args, **kwargs)
  File "/Users/a19787/PycharmProjects/G88.2024.T06.EG3/src/unittest/python/test_checkout_tests.py", line 38, in setUp
    localizer = hotel_mngr.room_reservation(credit_card="5105105105105100",
  File "/Users/a19787/PycharmProjects/G88.2024.T06.EG3/src/main/python/uc3m_travel/hotel_manager.py", line 86, in room_reservation
    json_store_res.add_item(my_reservation)
  File "/Users/a19787/PycharmProjects/G88.2024.T06.EG3/src/main/python/storage/reservation_json_store.py", line 23, in add_item
    super().add_item(item)
  File "/Users/a19787/PycharmProjects/G88.2024.T06.EG3/src/main/python/storage/json_store.py", line 24, in add_item
    if not type(item) == dict: item = item.__dict
AttributeError: 'HotelReservation' object has no attribute '_JsonStore__dict'
]]></error>
	</testcase>
	<testcase classname="test_checkout_tests.TestDeliverProduct" name="test_checkout_ok" time="0.002" timestamp="2024-04-25T13:37:32">
		<error type="AttributeError" message="'HotelReservation' object has no attribute '_JsonStore__dict'"><![CDATA[Traceback (most recent call last):
  File "/Library/Developer/CommandLineTools/Library/Frameworks/Python3.framework/Versions/3.9/lib/python3.9/unittest/case.py", line 59, in testPartExecutor
    yield
  File "/Library/Developer/CommandLineTools/Library/Frameworks/Python3.framework/Versions/3.9/lib/python3.9/unittest/case.py", line 589, in run
    self._callSetUp()
  File "/Library/Developer/CommandLineTools/Library/Frameworks/Python3.framework/Versions/3.9/lib/python3.9/unittest/case.py", line 547, in _callSetUp
    self.setUp()
  File "/Users/a19787/PycharmProjects/G88.2024.T06.EG3/.venv/lib/python3.9/site-packages/freezegun/api.py", line 827, in wrapper
    result = func(*args, **kwargs)
  File "/Users/a19787/PycharmProjects/G88.2024.T06.EG3/src/unittest/python/test_checkout_tests.py", line 38, in setUp
    localizer = hotel_mngr.room_reservation(credit_card="5105105105105100",
  File "/Users/a19787/PycharmProjects/G88.2024.T06.EG3/src/main/python/uc3m_travel/hotel_manager.py", line 86, in room_reservation
    json_store_res.add_item(my_reservation)
  File "/Users/a19787/PycharmProjects/G88.2024.T06.EG3/src/main/python/storage/reservation_json_store.py", line 23, in add_item
    super().add_item(item)
  File "/Users/a19787/PycharmProjects/G88.2024.T06.EG3/src/main/python/storage/json_store.py", line 24, in add_item
    if not type(item) == dict: item = item.__dict
AttributeError: 'HotelReservation' object has no attribute '_JsonStore__dict'
]]></error>
	</testcase>
	<testcase classname="test_checkout_tests.TestDeliverProduct" name="test_guest_checkout_bad_date_signature" time="0.002" timestamp="2024-04-25T13:37:32">
		<error type="AttributeError" message="'HotelReservation' object has no attribute '_JsonStore__dict'"><![CDATA[Traceback (most recent call last):
  File "/Library/Developer/CommandLineTools/Library/Frameworks/Python3.framework/Versions/3.9/lib/python3.9/unittest/case.py", line 59, in testPartExecutor
    yield
  File "/Library/Developer/CommandLineTools/Library/Frameworks/Python3.framework/Versions/3.9/lib/python3.9/unittest/case.py", line 589, in run
    self._callSetUp()
  File "/Library/Developer/CommandLineTools/Library/Frameworks/Python3.framework/Versions/3.9/lib/python3.9/unittest/case.py", line 547, in _callSetUp
    self.setUp()
  File "/Users/a19787/PycharmProjects/G88.2024.T06.EG3/.venv/lib/python3.9/site-packages/freezegun/api.py", line 827, in wrapper
    result = func(*args, **kwargs)
  File "/Users/a19787/PycharmProjects/G88.2024.T06.EG3/src/unittest/python/test_checkout_tests.py", line 38, in setUp
    localizer = hotel_mngr.room_reservation(credit_card="5105105105105100",
  File "/Users/a19787/PycharmProjects/G88.2024.T06.EG3/src/main/python/uc3m_travel/hotel_manager.py", line 86, in room_reservation
    json_store_res.add_item(my_reservation)
  File "/Users/a19787/PycharmProjects/G88.2024.T06.EG3/src/main/python/storage/reservation_json_store.py", line 23, in add_item
    super().add_item(item)
  File "/Users/a19787/PycharmProjects/G88.2024.T06.EG3/src/main/python/storage/json_store.py", line 24, in add_item
    if not type(item) == dict: item = item.__dict
AttributeError: 'HotelReservation' object has no attribute '_JsonStore__dict'
]]></error>
	</testcase>
	<testcase classname="test_checkout_tests.TestDeliverProduct" name="test_guest_checkout_no_date" time="0.003" timestamp="2024-04-25T13:37:32">
		<error type="AttributeError" message="'HotelReservation' object has no attribute '_JsonStore__dict'"><![CDATA[Traceback (most recent call last):
  File "/Library/Developer/CommandLineTools/Library/Frameworks/Python3.framework/Versions/3.9/lib/python3.9/unittest/case.py", line 59, in testPartExecutor
    yield
  File "/Library/Developer/CommandLineTools/Library/Frameworks/Python3.framework/Versions/3.9/lib/python3.9/unittest/case.py", line 589, in run
    self._callSetUp()
  File "/Library/Developer/CommandLineTools/Library/Frameworks/Python3.framework/Versions/3.9/lib/python3.9/unittest/case.py", line 547, in _callSetUp
    self.setUp()
  File "/Users/a19787/PycharmProjects/G88.2024.T06.EG3/.venv/lib/python3.9/site-packages/freezegun/api.py", line 827, in wrapper
    result = func(*args, **kwargs)
  File "/Users/a19787/PycharmProjects/G88.2024.T06.EG3/src/unittest/python/test_checkout_tests.py", line 38, in setUp
    localizer = hotel_mngr.room_reservation(credit_card="5105105105105100",
  File "/Users/a19787/PycharmProjects/G88.2024.T06.EG3/src/main/python/uc3m_travel/hotel_manager.py", line 86, in room_reservation
    json_store_res.add_item(my_reservation)
  File "/Users/a19787/PycharmProjects/G88.2024.T06.EG3/src/main/python/storage/reservation_json_store.py", line 23, in add_item
    super().add_item(item)
  File "/Users/a19787/PycharmProjects/G88.2024.T06.EG3/src/main/python/storage/json_store.py", line 24, in add_item
    if not type(item) == dict: item = item.__dict
AttributeError: 'HotelReservation' object has no attribute '_JsonStore__dict'
]]></error>
	</testcase>
	<testcase classname="test_checkout_tests.TestDeliverProduct" name="test_guest_checkout_no_store_check_in" time="0.003" timestamp="2024-04-25T13:37:32">
		<error type="AttributeError" message="'HotelReservation' object has no attribute '_JsonStore__dict'"><![CDATA[Traceback (most recent call last):
  File "/Library/Developer/CommandLineTools/Library/Frameworks/Python3.framework/Versions/3.9/lib/python3.9/unittest/case.py", line 59, in testPartExecutor
    yield
  File "/Library/Developer/CommandLineTools/Library/Frameworks/Python3.framework/Versions/3.9/lib/python3.9/unittest/case.py", line 589, in run
    self._callSetUp()
  File "/Library/Developer/CommandLineTools/Library/Frameworks/Python3.framework/Versions/3.9/lib/python3.9/unittest/case.py", line 547, in _callSetUp
    self.setUp()
  File "/Users/a19787/PycharmProjects/G88.2024.T06.EG3/.venv/lib/python3.9/site-packages/freezegun/api.py", line 827, in wrapper
    result = func(*args, **kwargs)
  File "/Users/a19787/PycharmProjects/G88.2024.T06.EG3/src/unittest/python/test_checkout_tests.py", line 38, in setUp
    localizer = hotel_mngr.room_reservation(credit_card="5105105105105100",
  File "/Users/a19787/PycharmProjects/G88.2024.T06.EG3/src/main/python/uc3m_travel/hotel_manager.py", line 86, in room_reservation
    json_store_res.add_item(my_reservation)
  File "/Users/a19787/PycharmProjects/G88.2024.T06.EG3/src/main/python/storage/reservation_json_store.py", line 23, in add_item
    super().add_item(item)
  File "/Users/a19787/PycharmProjects/G88.2024.T06.EG3/src/main/python/storage/json_store.py", line 24, in add_item
    if not type(item) == dict: item = item.__dict
AttributeError: 'HotelReservation' object has no attribute '_JsonStore__dict'
]]></error>
	</testcase>
	<testcase classname="test_checkout_tests.TestDeliverProduct" name="test_guest_checkout_store_check_in_is_empty" time="0.002" timestamp="2024-04-25T13:37:32">
		<error type="AttributeError" message="'HotelReservation' object has no attribute '_JsonStore__dict'"><![CDATA[Traceback (most recent call last):
  File "/Library/Developer/CommandLineTools/Library/Frameworks/Python3.framework/Versions/3.9/lib/python3.9/unittest/case.py", line 59, in testPartExecutor
    yield
  File "/Library/Developer/CommandLineTools/Library/Frameworks/Python3.framework/Versions/3.9/lib/python3.9/unittest/case.py", line 589, in run
    self._callSetUp()
  File "/Library/Developer/CommandLineTools/Library/Frameworks/Python3.framework/Versions/3.9/lib/python3.9/unittest/case.py", line 547, in _callSetUp
    self.setUp()
  File "/Users/a19787/PycharmProjects/G88.2024.T06.EG3/.venv/lib/python3.9/site-packages/freezegun/api.py", line 827, in wrapper
    result = func(*args, **kwargs)
  File "/Users/a19787/PycharmProjects/G88.2024.T06.EG3/src/unittest/python/test_checkout_tests.py", line 38, in setUp
    localizer = hotel_mngr.room_reservation(credit_card="5105105105105100",
  File "/Users/a19787/PycharmProjects/G88.2024.T06.EG3/src/main/python/uc3m_travel/hotel_manager.py", line 86, in room_reservation
    json_store_res.add_item(my_reservation)
  File "/Users/a19787/PycharmProjects/G88.2024.T06.EG3/src/main/python/storage/reservation_json_store.py", line 23, in add_item
    super().add_item(item)
  File "/Users/a19787/PycharmProjects/G88.2024.T06.EG3/src/main/python/storage/json_store.py", line 24, in add_item
    if not type(item) == dict: item = item.__dict
AttributeError: 'HotelReservation' object has no attribute '_JsonStore__dict'
]]></error>
	</testcase>
</testsuite>
