<?xml version="1.0" encoding="UTF-8"?>
<testsuite name="test_room_reservation_tests.TestHotelReservation-20240418181131" tests="3" file="test_room_reservation_tests.py" time="0.067" timestamp="2024-04-18T18:11:32" failures="0" errors="0" skipped="0">
	<testcase classname="test_room_reservation_tests.TestHotelReservation" name="test_duplicated_id_reservation_tests" time="0.001" timestamp="2024-04-18T18:11:32"/>
	<testcase classname="test_room_reservation_tests.TestHotelReservation" name="test_duplicated_reservation_tests" time="0.004" timestamp="2024-04-18T18:11:32"/>
	<testcase classname="test_room_reservation_tests.TestHotelReservation" name="test_parametrized_cases_tests" time="0.063" timestamp="2024-04-18T18:11:32"/>
</testsuite>
