<?xml version="1.0" encoding="UTF-8"?>
<testsuite name="test_guest_arrival_tests.TestHotelReservation-20240425144545" tests="3" file="test_guest_arrival_tests.py" time="0.265" timestamp="2024-04-25T14:45:45" failures="0" errors="0" skipped="0">
	<testcase classname="test_guest_arrival_tests.TestHotelReservation" name="test_case_valid_reservation_invalid_arrival_date" time="0.009" timestamp="2024-04-25T14:45:45"/>
	<testcase classname="test_guest_arrival_tests.TestHotelReservation" name="test_get_reservation_data_manipulated_tests" time="0.008" timestamp="2024-04-25T14:45:45"/>
	<testcase classname="test_guest_arrival_tests.TestHotelReservation" name="test_parametrized_cases_tests" time="0.247" timestamp="2024-04-25T14:45:45"/>
</testsuite>
