<?xml version="1.0" encoding="UTF-8"?>
<testsuite name="test_room_reservation_tests.TestHotelReservation-20240418161045" tests="3" file="test_room_reservation_tests.py" time="0.071" timestamp="2024-04-18T16:10:45" failures="0" errors="0" skipped="0">
	<testcase classname="test_room_reservation_tests.TestHotelReservation" name="test_duplicated_id_reservation_tests" time="0.001" timestamp="2024-04-18T16:10:45"/>
	<testcase classname="test_room_reservation_tests.TestHotelReservation" name="test_duplicated_reservation_tests" time="0.003" timestamp="2024-04-18T16:10:45"/>
	<testcase classname="test_room_reservation_tests.TestHotelReservation" name="test_parametrized_cases_tests" time="0.067" timestamp="2024-04-18T16:10:45"/>
</testsuite>
