<?xml version="1.0" encoding="UTF-8"?>
<testsuite name="test_guest_arrival_tests.TestHotelReservation-20240425210617" tests="3" file="test_guest_arrival_tests.py" time="0.469" timestamp="2024-04-25T21:06:19" failures="0" errors="0" skipped="0">
	<testcase classname="test_guest_arrival_tests.TestHotelReservation" name="test_case_valid_reservation_invalid_arrival_date" time="0.013" timestamp="2024-04-25T21:06:19"/>
	<testcase classname="test_guest_arrival_tests.TestHotelReservation" name="test_get_reservation_data_manipulated_tests" time="0.015" timestamp="2024-04-25T21:06:19"/>
	<testcase classname="test_guest_arrival_tests.TestHotelReservation" name="test_parametrized_cases_tests" time="0.442" timestamp="2024-04-25T21:06:19"/>
</testsuite>
