<?xml version="1.0" encoding="UTF-8"?>
<testsuite name="test_checkout_tests.TestDeliverProduct-20240426005556" tests="7" file="test_checkout_tests.py" time="0.075" timestamp="2024-04-26T00:55:56" failures="0" errors="6" skipped="0">
	<testcase classname="test_checkout_tests.TestDeliverProduct" name="test_already_checkout" time="0.028" timestamp="2024-04-26T00:55:56"/>
	<testcase classname="test_checkout_tests.TestDeliverProduct" name="test_checkin_code_not_found_date_signature" time="0.012" timestamp="2024-04-26T00:55:56">
		<error type="HotelManagementException" message="Reservation already exists"><![CDATA[Traceback (most recent call last):
  File "/Library/Frameworks/Python.framework/Versions/3.12/lib/python3.12/unittest/case.py", line 58, in testPartExecutor
    yield
  File "/Library/Frameworks/Python.framework/Versions/3.12/lib/python3.12/unittest/case.py", line 630, in run
    self._callSetUp()
  File "/Library/Frameworks/Python.framework/Versions/3.12/lib/python3.12/unittest/case.py", line 586, in _callSetUp
    self.setUp()
  File "/Users/natedamstra/PycharmProjects/G88.2024.T06.EG3/.venv/lib/python3.12/site-packages/freezegun/api.py", line 827, in wrapper
    result = func(*args, **kwargs)
    ^^^^^^^^^^^^^^^^^
  File "/Users/natedamstra/PycharmProjects/G88.2024.T06.EG3/src/unittest/python/test_checkout_tests.py", line 38, in setUp
    localizer = hotel_mngr.room_reservation(credit_card="5105105105105100",
    ^^^^^^^^^^^^^^^^^
  File "/Users/natedamstra/PycharmProjects/G88.2024.T06.EG3/src/main/python/uc3m_travel/hotel_manager.py", line 42, in room_reservation
    raise HotelManagementException("Reservation already exists")
    ^^^^^^^^^^^^^^^^^
uc3m_travel.hotel_management_exception.HotelManagementException: Reservation already exists
]]></error>
	</testcase>
	<testcase classname="test_checkout_tests.TestDeliverProduct" name="test_checkout_ok" time="0.007" timestamp="2024-04-26T00:55:56">
		<error type="HotelManagementException" message="Reservation already exists"><![CDATA[Traceback (most recent call last):
  File "/Library/Frameworks/Python.framework/Versions/3.12/lib/python3.12/unittest/case.py", line 58, in testPartExecutor
    yield
  File "/Library/Frameworks/Python.framework/Versions/3.12/lib/python3.12/unittest/case.py", line 630, in run
    self._callSetUp()
  File "/Library/Frameworks/Python.framework/Versions/3.12/lib/python3.12/unittest/case.py", line 586, in _callSetUp
    self.setUp()
  File "/Users/natedamstra/PycharmProjects/G88.2024.T06.EG3/.venv/lib/python3.12/site-packages/freezegun/api.py", line 827, in wrapper
    result = func(*args, **kwargs)
    ^^^^^^^^^^^^^^^^^
  File "/Users/natedamstra/PycharmProjects/G88.2024.T06.EG3/src/unittest/python/test_checkout_tests.py", line 38, in setUp
    localizer = hotel_mngr.room_reservation(credit_card="5105105105105100",
    ^^^^^^^^^^^^^^^^^
  File "/Users/natedamstra/PycharmProjects/G88.2024.T06.EG3/src/main/python/uc3m_travel/hotel_manager.py", line 42, in room_reservation
    raise HotelManagementException("Reservation already exists")
    ^^^^^^^^^^^^^^^^^
uc3m_travel.hotel_management_exception.HotelManagementException: Reservation already exists
]]></error>
	</testcase>
	<testcase classname="test_checkout_tests.TestDeliverProduct" name="test_guest_checkout_bad_date_signature" time="0.007" timestamp="2024-04-26T00:55:56">
		<error type="HotelManagementException" message="Reservation already exists"><![CDATA[Traceback (most recent call last):
  File "/Library/Frameworks/Python.framework/Versions/3.12/lib/python3.12/unittest/case.py", line 58, in testPartExecutor
    yield
  File "/Library/Frameworks/Python.framework/Versions/3.12/lib/python3.12/unittest/case.py", line 630, in run
    self._callSetUp()
  File "/Library/Frameworks/Python.framework/Versions/3.12/lib/python3.12/unittest/case.py", line 586, in _callSetUp
    self.setUp()
  File "/Users/natedamstra/PycharmProjects/G88.2024.T06.EG3/.venv/lib/python3.12/site-packages/freezegun/api.py", line 827, in wrapper
    result = func(*args, **kwargs)
    ^^^^^^^^^^^^^^^^^
  File "/Users/natedamstra/PycharmProjects/G88.2024.T06.EG3/src/unittest/python/test_checkout_tests.py", line 38, in setUp
    localizer = hotel_mngr.room_reservation(credit_card="5105105105105100",
    ^^^^^^^^^^^^^^^^^
  File "/Users/natedamstra/PycharmProjects/G88.2024.T06.EG3/src/main/python/uc3m_travel/hotel_manager.py", line 42, in room_reservation
    raise HotelManagementException("Reservation already exists")
    ^^^^^^^^^^^^^^^^^
uc3m_travel.hotel_management_exception.HotelManagementException: Reservation already exists
]]></error>
	</testcase>
	<testcase classname="test_checkout_tests.TestDeliverProduct" name="test_guest_checkout_no_date" time="0.007" timestamp="2024-04-26T00:55:56">
		<error type="HotelManagementException" message="Reservation already exists"><![CDATA[Traceback (most recent call last):
  File "/Library/Frameworks/Python.framework/Versions/3.12/lib/python3.12/unittest/case.py", line 58, in testPartExecutor
    yield
  File "/Library/Frameworks/Python.framework/Versions/3.12/lib/python3.12/unittest/case.py", line 630, in run
    self._callSetUp()
  File "/Library/Frameworks/Python.framework/Versions/3.12/lib/python3.12/unittest/case.py", line 586, in _callSetUp
    self.setUp()
  File "/Users/natedamstra/PycharmProjects/G88.2024.T06.EG3/.venv/lib/python3.12/site-packages/freezegun/api.py", line 827, in wrapper
    result = func(*args, **kwargs)
    ^^^^^^^^^^^^^^^^^
  File "/Users/natedamstra/PycharmProjects/G88.2024.T06.EG3/src/unittest/python/test_checkout_tests.py", line 38, in setUp
    localizer = hotel_mngr.room_reservation(credit_card="5105105105105100",
    ^^^^^^^^^^^^^^^^^
  File "/Users/natedamstra/PycharmProjects/G88.2024.T06.EG3/src/main/python/uc3m_travel/hotel_manager.py", line 42, in room_reservation
    raise HotelManagementException("Reservation already exists")
    ^^^^^^^^^^^^^^^^^
uc3m_travel.hotel_management_exception.HotelManagementException: Reservation already exists
]]></error>
	</testcase>
	<testcase classname="test_checkout_tests.TestDeliverProduct" name="test_guest_checkout_no_store_check_in" time="0.007" timestamp="2024-04-26T00:55:56">
		<error type="HotelManagementException" message="Reservation already exists"><![CDATA[Traceback (most recent call last):
  File "/Library/Frameworks/Python.framework/Versions/3.12/lib/python3.12/unittest/case.py", line 58, in testPartExecutor
    yield
  File "/Library/Frameworks/Python.framework/Versions/3.12/lib/python3.12/unittest/case.py", line 630, in run
    self._callSetUp()
  File "/Library/Frameworks/Python.framework/Versions/3.12/lib/python3.12/unittest/case.py", line 586, in _callSetUp
    self.setUp()
  File "/Users/natedamstra/PycharmProjects/G88.2024.T06.EG3/.venv/lib/python3.12/site-packages/freezegun/api.py", line 827, in wrapper
    result = func(*args, **kwargs)
    ^^^^^^^^^^^^^^^^^
  File "/Users/natedamstra/PycharmProjects/G88.2024.T06.EG3/src/unittest/python/test_checkout_tests.py", line 38, in setUp
    localizer = hotel_mngr.room_reservation(credit_card="5105105105105100",
    ^^^^^^^^^^^^^^^^^
  File "/Users/natedamstra/PycharmProjects/G88.2024.T06.EG3/src/main/python/uc3m_travel/hotel_manager.py", line 42, in room_reservation
    raise HotelManagementException("Reservation already exists")
    ^^^^^^^^^^^^^^^^^
uc3m_travel.hotel_management_exception.HotelManagementException: Reservation already exists
]]></error>
	</testcase>
	<testcase classname="test_checkout_tests.TestDeliverProduct" name="test_guest_checkout_store_check_in_is_empty" time="0.007" timestamp="2024-04-26T00:55:56">
		<error type="HotelManagementException" message="Reservation already exists"><![CDATA[Traceback (most recent call last):
  File "/Library/Frameworks/Python.framework/Versions/3.12/lib/python3.12/unittest/case.py", line 58, in testPartExecutor
    yield
  File "/Library/Frameworks/Python.framework/Versions/3.12/lib/python3.12/unittest/case.py", line 630, in run
    self._callSetUp()
  File "/Library/Frameworks/Python.framework/Versions/3.12/lib/python3.12/unittest/case.py", line 586, in _callSetUp
    self.setUp()
  File "/Users/natedamstra/PycharmProjects/G88.2024.T06.EG3/.venv/lib/python3.12/site-packages/freezegun/api.py", line 827, in wrapper
    result = func(*args, **kwargs)
    ^^^^^^^^^^^^^^^^^
  File "/Users/natedamstra/PycharmProjects/G88.2024.T06.EG3/src/unittest/python/test_checkout_tests.py", line 38, in setUp
    localizer = hotel_mngr.room_reservation(credit_card="5105105105105100",
    ^^^^^^^^^^^^^^^^^
  File "/Users/natedamstra/PycharmProjects/G88.2024.T06.EG3/src/main/python/uc3m_travel/hotel_manager.py", line 42, in room_reservation
    raise HotelManagementException("Reservation already exists")
    ^^^^^^^^^^^^^^^^^
uc3m_travel.hotel_management_exception.HotelManagementException: Reservation already exists
]]></error>
	</testcase>
</testsuite>
